2026-02-19 09:10:15,369 | INFO     | TEST MODE: Running all downloads immediately...

2026-02-19 09:10:15,370 | INFO     | ======================================================================
2026-02-19 09:10:15,371 | INFO     | DAILY DOWNLOAD SCHEDULER
2026-02-19 09:10:15,372 | INFO     | Time: 2026-02-19 09:10:15
2026-02-19 09:10:15,372 | INFO     | ======================================================================
2026-02-19 09:10:15,373 | INFO     | 
>> Starting NSE downloads...
2026-02-19 09:10:15,374 | INFO     | Starting: NSE F&O Daily Data
2026-02-19 09:11:09,517 | INFO     |   ======================================================================
2026-02-19 09:11:09,519 | INFO     |   NSE F&O Daily Data Downloader (Web Scraper)
2026-02-19 09:11:09,523 | INFO     |   Months: Jan-2026 to Feb-2026
2026-02-19 09:11:09,526 | INFO     |   Output: D:\Rouhin\Exchanges Data\NSE\FnO
2026-02-19 09:11:09,529 | INFO     |   ======================================================================
2026-02-19 09:11:09,530 | INFO     |   
2026-02-19 09:11:09,530 | INFO     |   Opening NSE F&O page...
2026-02-19 09:11:09,531 | INFO     |   Note: Notional turnover will be enabled monthly during downloads
2026-02-19 09:11:09,531 | INFO     |   
2026-02-19 09:11:09,531 | INFO     |   Jan-2026...   [X] Error: [Errno 13] Permission denied: 'D:\\Rouhin\\Exchanges Data\\NSE\\FnO\\nse_fno_consolidated.xlsx'
2026-02-19 09:11:09,532 | INFO     |   [X] No data
2026-02-19 09:11:09,532 | INFO     |   Feb-2026...   [X] Error: [Errno 13] Permission denied: 'D:\\Rouhin\\Exchanges Data\\NSE\\FnO\\nse_fno_consolidated.xlsx'
2026-02-19 09:11:09,533 | INFO     |   [X] No data
2026-02-19 09:11:09,533 | INFO     |   
2026-02-19 09:11:09,533 | INFO     |   ======================================================================
2026-02-19 09:11:09,534 | INFO     |   [OK] Download Complete! Total days downloaded: 0
2026-02-19 09:11:09,534 | INFO     |   ======================================================================
2026-02-19 09:11:09,534 | INFO     | [OK] Completed: NSE F&O Daily Data
2026-02-19 09:11:09,535 | INFO     | Starting: NSE CM Segment Daily Data
2026-02-19 09:11:14,279 | INFO     |   Processing 2026-01...
2026-02-19 09:11:14,279 | INFO     |   Saved: D:\Rouhin\Exchanges Data\NSE\Cash segment\nse_daily.xlsx (2026-01)
2026-02-19 09:11:14,280 | INFO     |   Processing 2026-02...
2026-02-19 09:11:14,280 | INFO     |   Saved: D:\Rouhin\Exchanges Data\NSE\Cash segment\nse_daily.xlsx (2026-02)
2026-02-19 09:11:14,280 | INFO     | [OK] Completed: NSE CM Segment Daily Data
2026-02-19 09:11:14,281 | INFO     | 
>> Starting BSE downloads...
2026-02-19 09:11:14,281 | INFO     | Starting: BSE F&O Data (Consolidated - All Derivatives)
2026-02-19 09:13:03,344 | INFO     | [OK] Completed: BSE F&O Data (Consolidated - All Derivatives)
2026-02-19 09:13:03,345 | INFO     | Starting: BSE Historical Equity Data
2026-02-19 09:13:32,886 | INFO     |   Processing 2026-01...
2026-02-19 09:13:32,886 | INFO     |   Saved: D:\Rouhin\Exchanges Data\BSE\bse_daily.xlsx (2026-01)
2026-02-19 09:13:32,887 | INFO     |   Processing 2026-02...
2026-02-19 09:13:32,887 | INFO     |   Saved: D:\Rouhin\Exchanges Data\BSE\bse_daily.xlsx (2026-02)
2026-02-19 09:13:32,887 | INFO     | [OK] Completed: BSE Historical Equity Data
2026-02-19 09:13:32,888 | INFO     | 
>> Downloading FII/DII data...
2026-02-19 09:13:32,889 | INFO     | Starting: FII/DII Data from Moneycontrol
2026-02-19 09:13:33,290 | ERROR    | [X] Failed: FII/DII Data from Moneycontrol
2026-02-19 09:13:33,291 | ERROR    |   Traceback (most recent call last):
2026-02-19 09:13:33,291 | ERROR    |     File "D:\Rouhin\Exchanges Data\FII_DII\fii_dii_download.py", line 4, in <module>
2026-02-19 09:13:33,292 | ERROR    |       import requests
2026-02-19 09:13:33,292 | ERROR    |   ModuleNotFoundError: No module named 'requests'
2026-02-19 09:13:33,293 | INFO     | Skipping Excel Workbook (script not found)
2026-02-19 09:13:33,293 | INFO     | 
======================================================================
2026-02-19 09:13:33,294 | INFO     | SUMMARY
2026-02-19 09:13:33,294 | INFO     | ======================================================================
2026-02-19 09:13:33,295 | INFO     |   NSE F&O: [OK]
2026-02-19 09:13:33,295 | INFO     |   NSE CM: [OK]
2026-02-19 09:13:33,296 | INFO     |   BSE F&O: [OK]
2026-02-19 09:13:33,296 | INFO     |   BSE Equity: [OK]
2026-02-19 09:13:33,296 | INFO     |   FII/DII Data: [FAILED]
2026-02-19 09:13:33,297 | INFO     | 
Total: 4/5 successful
2026-02-19 09:13:33,297 | INFO     | Duration: 197 seconds
2026-02-19 09:13:33,298 | INFO     | ======================================================================

2026-02-19 09:14:26,335 | INFO     | TEST MODE: Running all downloads immediately...

2026-02-19 09:14:26,336 | INFO     | ======================================================================
2026-02-19 09:14:26,336 | INFO     | DAILY DOWNLOAD SCHEDULER
2026-02-19 09:14:26,336 | INFO     | Time: 2026-02-19 09:14:26
2026-02-19 09:14:26,337 | INFO     | ======================================================================
2026-02-19 09:14:26,337 | INFO     | 
>> Starting NSE downloads...
2026-02-19 09:14:26,337 | INFO     | Starting: NSE F&O Daily Data
2026-02-19 09:15:15,304 | INFO     |   ======================================================================
2026-02-19 09:15:15,305 | INFO     |   NSE F&O Daily Data Downloader (Web Scraper)
2026-02-19 09:15:15,305 | INFO     |   Months: Jan-2026 to Feb-2026
2026-02-19 09:15:15,306 | INFO     |   Output: D:\Rouhin\Exchanges Data\NSE\FnO
2026-02-19 09:15:15,306 | INFO     |   ======================================================================
2026-02-19 09:15:15,307 | INFO     |   
2026-02-19 09:15:15,307 | INFO     |   Opening NSE F&O page...
2026-02-19 09:15:15,308 | INFO     |   Note: Notional turnover will be enabled monthly during downloads
2026-02-19 09:15:15,308 | INFO     |   
2026-02-19 09:15:15,309 | INFO     |   Jan-2026... [OK] 20 days
2026-02-19 09:15:15,309 | INFO     |   Feb-2026... [X] No data
2026-02-19 09:15:15,310 | INFO     |   
2026-02-19 09:15:15,310 | INFO     |   ======================================================================
2026-02-19 09:15:15,311 | INFO     |   [OK] Download Complete! Total days downloaded: 20
2026-02-19 09:15:15,311 | INFO     |   ======================================================================
2026-02-19 09:15:15,311 | INFO     | [OK] Completed: NSE F&O Daily Data
2026-02-19 09:15:15,312 | INFO     | Starting: NSE CM Segment Daily Data
2026-02-19 09:15:19,602 | INFO     |   Processing 2026-01...
2026-02-19 09:15:19,602 | INFO     |   Saved: D:\Rouhin\Exchanges Data\NSE\Cash segment\nse_daily.xlsx (2026-01)
2026-02-19 09:15:19,603 | INFO     |   Processing 2026-02...
2026-02-19 09:15:19,603 | INFO     |   Saved: D:\Rouhin\Exchanges Data\NSE\Cash segment\nse_daily.xlsx (2026-02)
2026-02-19 09:15:19,603 | INFO     | [OK] Completed: NSE CM Segment Daily Data
2026-02-19 09:15:19,603 | INFO     | 
>> Starting BSE downloads...
2026-02-19 09:15:19,603 | INFO     | Starting: BSE F&O Data (Consolidated - All Derivatives)
2026-02-19 09:17:10,515 | INFO     | [OK] Completed: BSE F&O Data (Consolidated - All Derivatives)
2026-02-19 09:17:10,516 | INFO     | Starting: BSE Historical Equity Data
2026-02-19 09:17:35,970 | INFO     |   Processing 2026-01...
2026-02-19 09:17:35,971 | INFO     |   Saved: D:\Rouhin\Exchanges Data\BSE\bse_daily.xlsx (2026-01)
2026-02-19 09:17:35,971 | INFO     |   Processing 2026-02...
2026-02-19 09:17:35,971 | INFO     |   Saved: D:\Rouhin\Exchanges Data\BSE\bse_daily.xlsx (2026-02)
2026-02-19 09:17:35,971 | INFO     | [OK] Completed: BSE Historical Equity Data
2026-02-19 09:17:35,972 | INFO     | 
>> Downloading FII/DII data...
2026-02-19 09:17:35,972 | INFO     | Starting: FII/DII Data from Moneycontrol
2026-02-19 09:17:36,316 | ERROR    | [X] Failed: FII/DII Data from Moneycontrol
2026-02-19 09:17:36,316 | ERROR    |   Traceback (most recent call last):
2026-02-19 09:17:36,317 | ERROR    |     File "D:\Rouhin\Exchanges Data\FII_DII\fii_dii_download.py", line 4, in <module>
2026-02-19 09:17:36,317 | ERROR    |       import requests
2026-02-19 09:17:36,318 | ERROR    |   ModuleNotFoundError: No module named 'requests'
2026-02-19 09:17:36,318 | INFO     | Skipping Excel Workbook (script not found)
2026-02-19 09:17:36,318 | INFO     | 
======================================================================
2026-02-19 09:17:36,319 | INFO     | SUMMARY
2026-02-19 09:17:36,319 | INFO     | ======================================================================
2026-02-19 09:17:36,319 | INFO     |   NSE F&O: [OK]
2026-02-19 09:17:36,320 | INFO     |   NSE CM: [OK]
2026-02-19 09:17:36,320 | INFO     |   BSE F&O: [OK]
2026-02-19 09:17:36,320 | INFO     |   BSE Equity: [OK]
2026-02-19 09:17:36,321 | INFO     |   FII/DII Data: [FAILED]
2026-02-19 09:17:36,321 | INFO     | 
Total: 4/5 successful
2026-02-19 09:17:36,321 | INFO     | Duration: 189 seconds
2026-02-19 09:17:36,322 | INFO     | ======================================================================

2026-02-19 09:22:19,424 | INFO     | TEST MODE: Running all downloads immediately...

2026-02-19 09:22:19,425 | INFO     | ======================================================================
2026-02-19 09:22:19,425 | INFO     | DAILY DOWNLOAD SCHEDULER
2026-02-19 09:22:19,426 | INFO     | Time: 2026-02-19 09:22:19
2026-02-19 09:22:19,426 | INFO     | ======================================================================
2026-02-19 09:22:19,427 | INFO     | 
>> Starting NSE downloads...
2026-02-19 09:22:19,428 | INFO     | Starting: NSE F&O Daily Data
2026-02-19 09:24:03,621 | INFO     |   ======================================================================
2026-02-19 09:24:03,621 | INFO     |   NSE F&O Daily Data Downloader (Web Scraper)
2026-02-19 09:24:03,621 | INFO     |   Months: Jan-2026 to Feb-2026
2026-02-19 09:24:03,621 | INFO     |   Output: D:\Rouhin\Exchanges Data\NSE\FnO
2026-02-19 09:24:03,621 | INFO     |   ======================================================================
2026-02-19 09:24:03,622 | INFO     |   
2026-02-19 09:24:03,622 | INFO     |   Opening NSE F&O page...
2026-02-19 09:24:03,622 | INFO     |   Note: Notional turnover will be enabled monthly during downloads
2026-02-19 09:24:03,622 | INFO     |   
2026-02-19 09:24:03,622 | INFO     |   Jan-2026... [OK] 20 days
2026-02-19 09:24:03,622 | INFO     |   Feb-2026... [OK] 14 days
2026-02-19 09:24:03,622 | INFO     |   
2026-02-19 09:24:03,622 | INFO     |   ======================================================================
2026-02-19 09:24:03,623 | INFO     |   [OK] Download Complete! Total days downloaded: 34
2026-02-19 09:24:03,623 | INFO     |   ======================================================================
2026-02-19 09:24:03,623 | INFO     | [OK] Completed: NSE F&O Daily Data
2026-02-19 09:24:03,623 | INFO     | Starting: NSE CM Segment Daily Data
2026-02-19 09:24:08,193 | INFO     |   Processing 2026-01...
2026-02-19 09:24:08,196 | INFO     |   Saved: D:\Rouhin\Exchanges Data\NSE\Cash segment\nse_daily.xlsx (2026-01)
2026-02-19 09:24:08,196 | INFO     |   Processing 2026-02...
2026-02-19 09:24:08,197 | INFO     |   Saved: D:\Rouhin\Exchanges Data\NSE\Cash segment\nse_daily.xlsx (2026-02)
2026-02-19 09:24:08,198 | INFO     | [OK] Completed: NSE CM Segment Daily Data
2026-02-19 09:24:08,198 | INFO     | 
>> Starting BSE downloads...
2026-02-19 09:24:08,199 | INFO     | Starting: BSE F&O Data (Consolidated - All Derivatives)
2026-02-19 09:25:47,150 | INFO     | [OK] Completed: BSE F&O Data (Consolidated - All Derivatives)
2026-02-19 09:25:47,151 | INFO     | Starting: BSE Historical Equity Data
2026-02-19 09:26:13,275 | INFO     |   Processing 2026-01...
2026-02-19 09:26:13,278 | INFO     |   Saved: D:\Rouhin\Exchanges Data\BSE\bse_daily.xlsx (2026-01)
2026-02-19 09:26:13,279 | INFO     |   Processing 2026-02...
2026-02-19 09:26:13,279 | INFO     |   Saved: D:\Rouhin\Exchanges Data\BSE\bse_daily.xlsx (2026-02)
2026-02-19 09:26:13,280 | INFO     | [OK] Completed: BSE Historical Equity Data
2026-02-19 09:26:13,280 | INFO     | 
>> Downloading FII/DII data...
2026-02-19 09:26:13,281 | INFO     | Starting: FII/DII Data from Moneycontrol
2026-02-19 09:26:18,240 | INFO     |   Downloading FII/DII data from Moneycontrol...
2026-02-19 09:26:18,243 | INFO     |   OK: Downloaded 14 rows of FII/DII data
2026-02-19 09:26:18,243 | INFO     |   OK: Saved to D:\Rouhin\Exchanges Data\FII_DII\fii_dii_data.xlsx
2026-02-19 09:26:18,244 | INFO     |      Total records: 14
2026-02-19 09:26:18,244 | INFO     |      Date range: 2026-02-01 to 2026-02-18
2026-02-19 09:26:18,244 | INFO     | [OK] Completed: FII/DII Data from Moneycontrol
2026-02-19 09:26:18,245 | INFO     | Skipping Excel Workbook (script not found)
2026-02-19 09:26:18,245 | INFO     | 
======================================================================
2026-02-19 09:26:18,245 | INFO     | SUMMARY
2026-02-19 09:26:18,245 | INFO     | ======================================================================
2026-02-19 09:26:18,245 | INFO     |   NSE F&O: [OK]
2026-02-19 09:26:18,245 | INFO     |   NSE CM: [OK]
2026-02-19 09:26:18,246 | INFO     |   BSE F&O: [OK]
2026-02-19 09:26:18,246 | INFO     |   BSE Equity: [OK]
2026-02-19 09:26:18,246 | INFO     |   FII/DII Data: [OK]
2026-02-19 09:26:18,246 | INFO     | 
Total: 5/5 successful
2026-02-19 09:26:18,246 | INFO     | Duration: 238 seconds
2026-02-19 09:26:18,247 | INFO     | ======================================================================

